<?xml version="1.0" encoding="UTF-8"?>
<coverage generated="1678462018569" clover="3.2.0">
  <project timestamp="1678462018569" name="All files">
    <metrics statements="5" coveredstatements="4" conditionals="2" coveredconditionals="1" methods="2" coveredmethods="2" elements="9" coveredelements="7" complexity="0" loc="5" ncloc="5" packages="1" files="2" classes="2"/>
    <file name="index.ts" path="C:\Code\Web\jsuse\src\packages\index.ts">
      <metrics statements="0" coveredstatements="0" conditionals="0" coveredconditionals="0" methods="0" coveredmethods="0"/>
    </file>
    <file name="useSum.ts" path="C:\Code\Web\jsuse\src\packages\useSum.ts">
      <metrics statements="5" coveredstatements="4" conditionals="2" coveredconditionals="1" methods="2" coveredmethods="2"/>
      <line num="1" count="1" type="stmt"/>
      <line num="2" count="2" type="cond" truecount="1" falsecount="1"/>
      <line num="3" count="0" type="stmt"/>
      <line num="5" count="2" type="stmt"/>
      <line num="6" count="5" type="stmt"/>
    </file>
  </project>
</coverage>
